<?xml version="1.0" encoding="UTF-8"?>
<!-- Generated by org.testng.reporters.JUnitReportReporter -->
<testsuite hostname="SAIKUMAR-PC" failures="0" tests="1" name="docuexec.completeProfile.Usermanagement" time="24.204" errors="0" timestamp="16 Jun 2025 05:20:47 GMT" skipped="0">
  <testcase classname="docuexec.completeProfile.Usermanagement" name="DeleteAccount" time="24.204"/>
</testsuite> <!-- docuexec.completeProfile.Usermanagement -->
