<?xml version="1.0" encoding="UTF-8"?>
<!-- Generated by org.testng.reporters.JUnitReportReporter -->
<testsuite hostname="LAVANYAB-PC" failures="0" tests="1" name="docuexec.EnduserAllModules.Reports" time="18.425" errors="0" timestamp="2025-06-02T13:32:22 IST" skipped="0">
  <testcase classname="docuexec.EnduserAllModules.Reports" name="transactionhistory" time="18.425"/>
</testsuite> <!-- docuexec.EnduserAllModules.Reports -->
