<?xml version="1.0" encoding="UTF-8"?>
<!-- Generated by org.testng.reporters.JUnitReportReporter -->
<testsuite hostname="SAIKUMAR-PC" failures="0" tests="1" name="docuexec.EnduserAllModules.ReviewAndSign" time="43.274" errors="0" timestamp="17 Jun 2025 12:44:43 GMT" skipped="0">
  <testcase classname="docuexec.EnduserAllModules.ReviewAndSign" name="ReviewandSigndiscard" time="43.274"/>
</testsuite> <!-- docuexec.EnduserAllModules.ReviewAndSign -->
