<?xml version="1.0" encoding="UTF-8"?>
<!-- Generated by org.testng.reporters.JUnitReportReporter -->
<testsuite hostname="SAIKUMAR-PC" failures="0" tests="1" name="docuexec.EnduserAllModules.TopUp" time="30.405" errors="1" timestamp="18 Jun 2025 09:18:53 GMT" skipped="0">
  <testcase classname="docuexec.EnduserAllModules.TopUp" name="subscriptionTopUpOldUsers" time="30.405">
    <error message="element click intercepted: Element &lt;button value=&quot;P002&quot; class=&quot;clickGetStarted__sub&quot; style=&quot;background: linear-gradient(281deg, rgb(6, 103, 126) 6.41%, rgb(3, 203, 202) 69.32%);&quot;&gt;...&lt;/button&gt; is not clickable at point (343, 498). Other element would receive the click: &lt;div class=&quot;react-confirm-alert-overlay&quot;&gt;...&lt;/div&gt;
  (Session info: chrome=137.0.7151.104)
Build info: version: &#039;4.18.1&#039;, revision: &#039;b1d3319b48&#039;
System info: os.name: &#039;Windows 10&#039;, os.arch: &#039;amd64&#039;, os.version: &#039;10.0&#039;, java.version: &#039;15&#039;
Driver info: org.openqa.selenium.chrome.ChromeDriver
Command: [b210a57fc5899c7e39c7b7a16c49b750, clickElement {id=f.3A3084D96F38F2CD8772B729AE2B0B3E.d.00704D230A6F9F3D73AEED6025B5E44B.e.133}]
Capabilities {acceptInsecureCerts: false, browserName: chrome, browserVersion: 137.0.7151.104, chrome: {chromedriverVersion: 137.0.7151.119 (e0ac9d12dff..., userDataDir: C:\Users\SAIKUM~1\AppData\L...}, fedcm:accounts: true, goog:chromeOptions: {debuggerAddress: localhost:65499}, networkConnectionEnabled: false, pageLoadStrategy: normal, platformName: windows, proxy: Proxy(), se:cdp: ws://localhost:65499/devtoo..., se:cdpVersion: 137.0.7151.104, setWindowRect: true, strictFileInteractability: false, timeouts: {implicit: 0, pageLoad: 300000, script: 30000}, unhandledPromptBehavior: dismiss and notify, webauthn:extension:credBlob: true, webauthn:extension:largeBlob: true, webauthn:extension:minPinLength: true, webauthn:extension:prf: true, webauthn:virtualAuthenticators: true}
Element: [[ChromeDriver: chrome on windows (b210a57fc5899c7e39c7b7a16c49b750)] -&gt; xpath: //button[@value=&#039;P002&#039;]]
Session ID: b210a57fc5899c7e39c7b7a16c49b750" type="org.openqa.selenium.ElementClickInterceptedException">
      <![CDATA[org.openqa.selenium.ElementClickInterceptedException: element click intercepted: Element <button value="P002" class="clickGetStarted__sub" style="background: linear-gradient(281deg, rgb(6, 103, 126) 6.41%, rgb(3, 203, 202) 69.32%);">...</button> is not clickable at point (343, 498). Other element would receive the click: <div class="react-confirm-alert-overlay">...</div>
  (Session info: chrome=137.0.7151.104)
Build info: version: '4.18.1', revision: 'b1d3319b48'
System info: os.name: 'Windows 10', os.arch: 'amd64', os.version: '10.0', java.version: '15'
Driver info: org.openqa.selenium.chrome.ChromeDriver
Command: [b210a57fc5899c7e39c7b7a16c49b750, clickElement {id=f.3A3084D96F38F2CD8772B729AE2B0B3E.d.00704D230A6F9F3D73AEED6025B5E44B.e.133}]
Capabilities {acceptInsecureCerts: false, browserName: chrome, browserVersion: 137.0.7151.104, chrome: {chromedriverVersion: 137.0.7151.119 (e0ac9d12dff..., userDataDir: C:\Users\SAIKUM~1\AppData\L...}, fedcm:accounts: true, goog:chromeOptions: {debuggerAddress: localhost:65499}, networkConnectionEnabled: false, pageLoadStrategy: normal, platformName: windows, proxy: Proxy(), se:cdp: ws://localhost:65499/devtoo..., se:cdpVersion: 137.0.7151.104, setWindowRect: true, strictFileInteractability: false, timeouts: {implicit: 0, pageLoad: 300000, script: 30000}, unhandledPromptBehavior: dismiss and notify, webauthn:extension:credBlob: true, webauthn:extension:largeBlob: true, webauthn:extension:minPinLength: true, webauthn:extension:prf: true, webauthn:virtualAuthenticators: true}
Element: [[ChromeDriver: chrome on windows (b210a57fc5899c7e39c7b7a16c49b750)] -> xpath: //button[@value='P002']]
Session ID: b210a57fc5899c7e39c7b7a16c49b750
	at java.base/jdk.internal.reflect.NativeConstructorAccessorImpl.newInstance0(Native Method)
	at java.base/jdk.internal.reflect.NativeConstructorAccessorImpl.newInstance(NativeConstructorAccessorImpl.java:64)
	at java.base/jdk.internal.reflect.DelegatingConstructorAccessorImpl.newInstance(DelegatingConstructorAccessorImpl.java:45)
	at java.base/java.lang.reflect.Constructor.newInstanceWithCaller(Constructor.java:500)
	at java.base/java.lang.reflect.Constructor.newInstance(Constructor.java:481)
	at org.openqa.selenium.remote.ErrorCodec.decode(ErrorCodec.java:167)
	at org.openqa.selenium.remote.codec.w3c.W3CHttpResponseCodec.decode(W3CHttpResponseCodec.java:138)
	at org.openqa.selenium.remote.codec.w3c.W3CHttpResponseCodec.decode(W3CHttpResponseCodec.java:50)
	at org.openqa.selenium.remote.HttpCommandExecutor.execute(HttpCommandExecutor.java:190)
	at org.openqa.selenium.remote.service.DriverCommandExecutor.invokeExecute(DriverCommandExecutor.java:216)
	at org.openqa.selenium.remote.service.DriverCommandExecutor.execute(DriverCommandExecutor.java:174)
	at org.openqa.selenium.remote.RemoteWebDriver.execute(RemoteWebDriver.java:519)
	at org.openqa.selenium.remote.RemoteWebElement.execute(RemoteWebElement.java:223)
	at org.openqa.selenium.remote.RemoteWebElement.click(RemoteWebElement.java:76)
	at docuexec.EnduserAllModules.TopUp.yearlyClassicGetstartedButtonh(TopUp.java:408)
	at docuexec.EnduserAllModules.TopUp.subscribePlanyearlyClassicGetstartedButtonh(TopUp.java:529)
	at docuexec.EnduserAllModules.TopUp.subscriptionTopUpOldUsers(TopUp.java:49)
	at java.base/jdk.internal.reflect.NativeMethodAccessorImpl.invoke0(Native Method)
	at java.base/jdk.internal.reflect.NativeMethodAccessorImpl.invoke(NativeMethodAccessorImpl.java:64)
	at java.base/jdk.internal.reflect.DelegatingMethodAccessorImpl.invoke(DelegatingMethodAccessorImpl.java:43)
	at java.base/java.lang.reflect.Method.invoke(Method.java:564)
	at org.testng.internal.MethodInvocationHelper.invokeMethod(MethodInvocationHelper.java:100)
	at org.testng.internal.Invoker.invokeMethod(Invoker.java:646)
	at org.testng.internal.Invoker.invokeTestMethod(Invoker.java:811)
	at org.testng.internal.Invoker.invokeTestMethods(Invoker.java:1137)
	at org.testng.internal.TestMethodWorker.invokeTestMethods(TestMethodWorker.java:129)
	at org.testng.internal.TestMethodWorker.run(TestMethodWorker.java:112)
	at org.testng.TestRunner.privateRun(TestRunner.java:753)
	at org.testng.TestRunner.run(TestRunner.java:607)
	at org.testng.SuiteRunner.runTest(SuiteRunner.java:368)
	at org.testng.SuiteRunner.runSequentially(SuiteRunner.java:363)
	at org.testng.SuiteRunner.privateRun(SuiteRunner.java:321)
	at org.testng.SuiteRunner.run(SuiteRunner.java:270)
	at org.testng.SuiteRunnerWorker.runSuite(SuiteRunnerWorker.java:52)
	at org.testng.SuiteRunnerWorker.run(SuiteRunnerWorker.java:86)
	at org.testng.TestNG.runSuitesSequentially(TestNG.java:1284)
	at org.testng.TestNG.runSuitesLocally(TestNG.java:1209)
	at org.testng.TestNG.runSuites(TestNG.java:1124)
	at org.testng.TestNG.run(TestNG.java:1096)
	at org.testng.remote.AbstractRemoteTestNG.run(AbstractRemoteTestNG.java:132)
	at org.testng.remote.RemoteTestNG.initAndRun(RemoteTestNG.java:236)
	at org.testng.remote.RemoteTestNG.main(RemoteTestNG.java:81)
]]>
    </error>
  </testcase> <!-- subscriptionTopUpOldUsers -->
</testsuite> <!-- docuexec.EnduserAllModules.TopUp -->
