<?xml version="1.0" encoding="UTF-8"?>
<!-- Generated by org.testng.reporters.JUnitReportReporter -->
<testsuite hostname="SAIKUMAR-PC" failures="0" tests="1" name="docuexec.SignDocument.TemplateSigning" time="138.909" errors="0" timestamp="12 Jun 2025 13:16:28 GMT" skipped="0">
  <testcase classname="docuexec.SignDocument.TemplateSigning" name="templateSigningotpSigningFinish" time="138.909"/>
</testsuite> <!-- docuexec.SignDocument.TemplateSigning -->
