<?xml version="1.0" encoding="UTF-8"?>
<!-- Generated by org.testng.reporters.JUnitReportReporter -->
<testsuite hostname="SAIKUMAR-PC" failures="0" tests="1" name="docuexec.Addressbook.esignTopup" time="33.747" errors="0" timestamp="18 Jun 2025 12:31:20 GMT" skipped="0">
  <testcase classname="docuexec.Addressbook.esignTopup" name="esigntopup" time="33.747"/>
</testsuite> <!-- docuexec.Addressbook.esignTopup -->
