<?xml version="1.0" encoding="UTF-8"?>
<!-- Generated by org.testng.reporters.JUnitReportReporter -->
<testsuite hostname="SAIKUMAR-PC" failures="0" tests="1" name="docuexec.EnduserAllModules.BuyVouchers" time="37.833" errors="0" timestamp="18 Jun 2025 11:05:14 GMT" skipped="0">
  <testcase classname="docuexec.EnduserAllModules.BuyVouchers" name="newUserVouchersummary" time="37.833"/>
</testsuite> <!-- docuexec.EnduserAllModules.BuyVouchers -->
