<?xml version="1.0" encoding="UTF-8"?>
<!-- Generated by org.testng.reporters.JUnitReportReporter -->
<testsuite hostname="SAIKUMAR-PC" failures="0" tests="1" name="docuexec.EnduserAllModules.ProfileUpdates" time="34.652" errors="0" timestamp="19 Jun 2025 07:08:54 GMT" skipped="0">
  <testcase classname="docuexec.EnduserAllModules.ProfileUpdates" name="DeleteAccount" time="34.652"/>
</testsuite> <!-- docuexec.EnduserAllModules.ProfileUpdates -->
