<?xml version="1.0" encoding="UTF-8"?>
<!-- Generated by org.testng.reporters.JUnitReportReporter -->
<testsuite hostname="LAVANYAB-PC" failures="0" tests="1" name="org.docuexec.login.login_Scenarios" time="28.822" errors="0" timestamp="2025-05-19T15:22:37 IST" skipped="0">
  <testcase classname="org.docuexec.login.login_Scenarios" name="InvalidMobileno" time="28.822"/>
</testsuite> <!-- org.docuexec.login.login_Scenarios -->
