<?xml version="1.0" encoding="UTF-8"?>
<!-- Generated by org.testng.reporters.JUnitReportReporter -->
<testsuite hostname="LAVANYAB-PC" failures="0" tests="1" name="docuexec.PendingActions.PendingAction" time="86.652" errors="0" timestamp="2025-05-28T16:27:35 IST" skipped="0">
  <testcase classname="docuexec.PendingActions.PendingAction" name="E_Discard_PendingActionOnCurrentPage" time="86.652"/>
</testsuite> <!-- docuexec.PendingActions.PendingAction -->
