<?xml version="1.0" encoding="UTF-8"?>
<!-- Generated by org.testng.reporters.JUnitReportReporter -->
<testsuite hostname="SAIKUMAR-PC" failures="0" tests="1" name="org.docuexec.login.login_Scenarios" time="15.286" errors="0" timestamp="18 Jun 2025 07:07:36 GMT" skipped="0">
  <testcase classname="org.docuexec.login.login_Scenarios" name="testLogin" time="15.286"/>
</testsuite> <!-- org.docuexec.login.login_Scenarios -->
