<?xml version="1.0" encoding="UTF-8"?>
<!-- Generated by org.testng.reporters.JUnitReportReporter -->
<testsuite hostname="SAIKUMAR-PC" failures="0" tests="1" name="docuexec.EnduserAllModules.Reports" time="15.904" errors="0" timestamp="17 Jun 2025 11:11:42 GMT" skipped="0">
  <testcase classname="docuexec.EnduserAllModules.Reports" name="transactionhistory" time="15.904"/>
</testsuite> <!-- docuexec.EnduserAllModules.Reports -->
