<?xml version="1.0" encoding="UTF-8"?>
<!-- Generated by org.testng.reporters.JUnitReportReporter -->
<testsuite hostname="SAIKUMAR-PC" failures="0" tests="1" name="docuexec.EnduserAllModules.InboxDeleteAndDownload" time="29.899" errors="0" timestamp="17 Jun 2025 05:56:05 GMT" skipped="0">
  <testcase classname="docuexec.EnduserAllModules.InboxDeleteAndDownload" name="view" time="29.899"/>
</testsuite> <!-- docuexec.EnduserAllModules.InboxDeleteAndDownload -->
